[    0.000000] Initializing cgroup subsys cpuset
[    0.000000] Initializing cgroup subsys cpu
[    0.000000] Initializing cgroup subsys cpuacct
[    0.000000] Linux version 4.4.0-62-generic (buildd@lcy01-30) (gcc version 5.4.0 20160609 (Ubuntu 5.4.0-6ubuntu1~16.04.4) ) #83-Ubuntu SMP Wed Jan 18 14:10:15 UTC 2017 (Ubuntu 4.4.0-62.83-generic 4.4.40)
[    0.000000] Command line: BOOT_IMAGE=/boot/vmlinuz-4.4.0-62-generic root=LABEL=cloudimg-oos ro console=ty1 console=ttyS0
[    0.000000] KERNEL supported cpus:
[    0.000000]   Intel GenuineIntel
[    0.000000]   AMD AuthenticAMD
[    0.000000]   Centaur CentaurHauls
[    0.000000] x86/fpu: xstate_offset[2]:  576, xstate_sizes[2]:  256
[    0.000000] x86/fpu: Supporting XSAVE feature 0x01: 'x87 floating point registers'
[    0.000000] x86/fpu: Supporting XSAVE feature 0x02: 'SSE registers'
[    0.000000] x86/fpu: Supporting XSAVE feature 0x04: 'AVX registers'
[    0.000000] x86/fpu: Enabled xstate features 0x7, context size is 832 bytes, using 'standard' format.
[    0.000000] x86/fpu: Using 'lazy' FPU context switches.
[    0.000000] e820: BIOS-provided physicalRAM ma:[    0.000000] BIOS-e820: [mem 0x0000000000000000-0x000000000009fbff] usable
[    0.000000] BIOS-e820: [mem 0x000000000009fc00-0x000000000009ffff] reserved
[    0.000000] BIOS-e820: [mem 0x00000000000f0000-0x00000000000fffff] reserved
[    0.000000] BIOS-e820: [mem 0x0000000000100000-0x000000001ffeffff] usable
[    0.000000] BIOS-e820: [mem 0x000000001fff0000-0x000000001fffffff] ACPI data
[    0.000000] BIOS-e820: [mem 0x00000000fffc0000-0x00000000ffffffff] reserved
[    0.000000] NX (Execute Disable) protection: active
[    0.000000] SMBIOS 2.5 present.
[    0.000000] Hypervisor detected: KVM
[    0.000000] e820: last_pfn = 0x1fff0 max_arch_pfn = 0x400000000
[    0.000000] MTRR: Disabled
[    0.000000] x86/PAT: MTRRs disabled, skipping PAT initialization too.
[    0.000000] x86/PAT: Configuration [0-7]: WB  WT  UC- UC  WB  WT  UC- UC  
[    0.000000] CPU MTRRs all blank - virtualized system.
[    0.000000] found SMP MP-table at [mem 0x0009fff0-0x0009ffff] mapped at [ffff88000009fff0]
[    0.000000] Scanning 1 areas for low memory corruption
[    0.000000] RAMDISK: [mem 0x1edf2000-0x1f839fff]
[    0.000000] ACPI: Early table checksum vericatn sabled
[    0.000000AC: RSDP 0000000E0000 000024 (v02 VBOX  )
[  0000000] ACPI: XS 0x000000001FFF0030 00003C (v01 VBOX   VBOXXSDT 00000001ASL  0000001)
[    0.000000] ACPI: FACP 0x000000001FFF00F0 0000F4 (v04 VBOX   VBOXFACP 00000001 ASL  00000061)
[    0.000000] ACPI: DSDT 0x000000001FFF0470 002118 (v01 VBOX   VBOXBIOS 00000002 INTL 20160108)
[    0.000000] ACPI: FACS 0x000000001FFF0200 000040
[    0.000000] ACPI: FACS 0x000000001FFF0200 000040
[    0.000000] ACPI: APIC 0x000000001FFF0240 00005C (v02 VBOX   VBOXAPIC 00000001 ASL  00000061)
[    0.000000] ACPI: SSDT 0x000000001FFF02A0 0001CC (v01 VBOX   VBOXCPUT 00000002 INTL 20160108)
[    0.000000] No NUMA configuration found
[    0.000000] Faking a node at [mem 0x0000000000000000-0x000000001ffeffff]
[    0.000000] NODE_DATA(0) allocated [mem 0x1ffeb000-0x1ffeffff]
[    0.000000] kvm-clock: Using msrs 4b564d01 and 4b564d00
[    0.000000] kvm-clock: cpu 0, msr 0:1ffe3001, primary cpu clock
[    0.000000] kvm-clock: using sched offset of 3150174596 cycles
[    0.000000] clocksource: kvm-clock: mask: 0xffffffffffffffff max_cycles: 0x1cd42e4dffb, max_idle_ns: 881590591483 ns
[    0.000000] Zone ranges:
[    0.000000]   DM      [mm x00000000010000x0000000ffff]
[   .00000  A32    [m 0x0000000001000000-00000001ffeffff][   0.00]   Normal   empty
[    0.00000]  Dic   empy[    0.00000] Movable zone start for each node
[   .00000] Earl memy de rang
    0000]   node  : [mem 000000000001000-0x000000000009efff]
[    0.000000]   node   0: [mem 0x0000000000100000-0x000000001ffeffff]
[    0.000000] Initmem setup node 0 [em 00000000001000-0x000000001ffeffff]
[    0.000000] ACPI: PM-Timer IO Port: 0x4008
[    0.000000] IOAPIC[0]: apic_id 2, version 17, address 0xfec00000, GSI 0-23
[    0.000000]CP: INT_SRC_OVR (bus 0 bus_irq 0 globair2 dfl df
  0.0000] ACP IT_C_R (bus 0 bus_irq gbal_ir9 iglel)
[   .00000] Using ACPI (MADT) orSMP nfurationinrmtion
[    0.000000] spbot: Alowg 2 CP,  hotplug CPUs
[    0.000000] PM: Registered nosave memory: [mem 0x00000000-0x00000fff]
[    0.000000] PM: Registered nosave memory: [mem 0x0009f000-0x0009ffff]
[    0.000000] PM: Registered nosave memory: [mem 0x000a0000-0x000effff]
[  000000] PM: Registerednovememory: [mem 0x000f0000-0x000fffff]
[    0.000000] e820: [mem 0x20000000-0xfffbffff] available for PCI devices
[    0.000000] Booting paravirtualized kernel on KVM
[    0.000000] clocksource: refined-jiffies: mask: 0xffffffff max_cycles: 0xffffffff, max_idle_ns: 7645519600211568 ns
[    0.000000] setup_percpu: NR_CPUS:512 nr_cpumask_bits:512 nr_cpu_ids:2 nr_node_ids:1
[    0.000000] PERCPU: Embedded 33 pages/cpu @ffff88001fc00000 s98264 r8192 d28712 u1048576
[    0.000000] PV qspinlock hash table entries: 256 (order: 0, 4096 bytes)
[    0.000000] Built 1 zonelists in Node order, mobility grouping on.  Total pages: 128889
[    0.000000] Policy zone: DMA32
[    0.000000] Kernel command line: BOOT_IMAGE=/boot/vmlinuz-4.4.0-62-generic root=LABEL=cloudimg-rootfs ro cosoe=ty1 console=ttyS0
[    0.000000] PID hash table entries: 2048 (order: 2, 16384 bytes)
[    0.000000] Memory: 485972K/523832K available (8436K kernel code, 1291K rwdata, 3960K rodata, 1488K init, 1316K bss, 37860K reserved, 0K cma-reserved)
[    0.000000] SLUB: HWalign=64, Order=0-3, MinObjects=0, CPUs=2, Nodes=1
[    0.000000] Hierarchical RCU implementation.
[    0.000000] 	Build-time adjustment of leaf fanout to 64.
[    0.000000] 	RCU restricting CPUs from NR_CPUS=512 to nr_cpu_ids=2.
[    0.000000] RCU: Adjusting geometry for rcu_fanout_leaf=64, nr_cpu_ids=2
[    0.000000] NR_IRQS:33024 nr_irqs:440 16
[    0.000000] Consol: olour VGA+ 80x25
[    0.000000] console [tty1] enabled
[    0.000000] console [ttyS0] enabled
[    0.000000] tsc: Detected 3392.292 MHz processor
[    4.009318] Calibrating delay loop (skipped) preset value.. 6784.58 BogoMIPS (lpj=13569168)
[    4.013483] pid_max: default: 32768 minimum: 301
[    4.014494] ACPI: Core revision 20150930
[    4.016268] ACPI: 2 ACPI AML tables successfully acquired and loaded
[    4.029630] Security Framework initialized
[    4.032614] Yama: becoming mindful.
[    4.033448] AppArmor: AppArmor initialized
[    4.040633] Dentry cache hash table entries: 65536 (order: 7, 524288 bytes)
[    4.048755] Inode-cache hash table entries: 32768 (order: 6, 262144 bytes)
[    4.050190] Mount-cache hash table entries: 1024 (order: 1, 8192 bytes)
[    4.051500] Mountpoint-cache hash table entries: 1024 (order: 1, 8192 bytes)
[    4.064672] Initializing cgroup subsys io
[    4.072704] Initializing cgroup subsys memory
[    4.073742] Initializing cgroup subsys devices
[    4.088228] Initializing cgroup subsys freezer
[    4.100206] Initializing cgroup subsys net_cls
[    4.104388] Initializing cgroup subsys perf_event
[    4.108346] Initializing cgroup subsys net_prio
[    4.109316] Initializing cgroup subsys hugetlb
[    4.110260] Initializing cgroup subsys pids
[    4.111249] CPU: Physical Processor ID: 0
[    4.119854] CPU: Processor Core ID: 0
[    4.124373] mce: CPU supports 0 MCE banks
[    4.128426] Last level iTLB entries: 4KB 512, 2MB 8, 4MB 8
[    4.136576] Last level dTLB entries: 4KB 512, 2MB 32, 4MB 32, 1GB 0
[    4.145899] Freeing SMP alternatives memory: 32K (ffffffff820b8000 - ffffffff820c0000)
[    4.160543] ftrace: allocating 32065 entries in 126 pages
[    4.211145] smpboot: APIC(0) Converting physical 0 to logical package 0
[    4.229214] smpboot: Max logical packages: 1
[    4.232406] ..TIMER: vector=0x30 apic1=0 pin1=2 apic2=-1 pin2=-1
[    4.395657] smpboot: CPU0: Intel(R) Core(TM) i3-3240 CPU @ 3.40GHz (family: 0x6, model: 0x3a, stepping: 0x9)
[    4.411919] Performance Events: unsupported p6 CPU model 58 no PMU driver, software events only.
[    4.433171] KVM setup paravirtual spinlock
[    4.440739] x86: Booting SMP configuration:
[    4.470945] .... node  #0, CPUs:      #1
[    4.471954] kvm-clock: cpu 1, msr 0:1ffe3041, secondary cpu clock
[    4.550938] mce: CPU supports 0 MCE banks
[    4.553562] x86: Booted up 1 node, 2 CPUs
[    4.573663] smpboot: Total of 2 processors activated (13569.16 BogoMIPS)
[    4.594913] devtmpfs: initialized
[    4.607839] evm: security.selinux
[    4.621914] evm: security.SMACK64
[    4.622892] evm: security.SMACK64EXEC
[    4.623839] evm: security.SMACK64TRANSMUTE
[    4.624711] evm: security.SMACK64MMAP
[    4.640817] evm: security.ima
[    4.685146] evm: security.capability
[    4.722284] clocksource: jiffies: mask: 0xffffffff max_cycles: 0xffffffff, max_idle_ns: 7645041785100000 ns
[    4.757961] pinctrl core: initialized pinctrl subsystem
[    4.782866] RTC time: 13:49:33, date: 03/08/17
[    4.795056] NET: Registered protocol family 16
[    4.823925] cpuidle: using governor ladder
[    4.844135] cpuidle: using governor menu
[    4.851292] PCCT header not found.
[    4.896294] ACPI: bus type PCI registered
[    4.957342] acpiphp: ACPI Hot Plug PCI Controller Driver version: 0.5
[    5.063035] PCI: Using configuration type 1 for base access
[    5.164637] ACPI: Added _OSI(Module Device)
[    5.219387] ACPI: Added _OSI(Processor Device)
[    5.280702] ACPI: Added _OSI(3.0 _SCP Extensions)
[    5.335340] ACPI: Added _OSI(Processor Aggregator Device)
[    5.340900] ACPI: Executed 1 blocks of module-level executable AML code
[    5.349269] ACPI: Interpreter enabled
[    5.353805] ACPI: (supports S0 S5)
[    5.358220] ACPI: Using IOAPIC for interrupt routing
[    5.359369] PCI: Using host bridge windows from ACPI; if necessary, use "pci=nocrs" and report a bug
[    5.374192] ACPI: PCI Root Bridge [PCI0] (domain 0000 [bus 00-ff])
[    5.395576] acpi PNP0A03:00: _OSC: OS supports [ASPM ClockPM Segments MSI]
[    5.399051] acpi PNP0A03:00: _OSC failed (AE_NOT_FOUND); disabling ASPM
[    5.406973] acpi PNP0A03:00: fail to add MMCONFIG information, can't access extended PCI configuration space under this bridge.
[    5.410823] PCI host bridge to bus 0000:00
[    5.420335] pci_bus 0000:00: root bus resource [io  0x0000-0x0cf7 window]
[    5.436533] pci_bus 0000:00: root bus resource [io  0x0d00-0xffff window]
[    5.443664] pci_bus 0000:00: root bus resource [mem 0x000a0000-0x000bffff window]
[    5.445300] pci_bus 0000:00: root bus resource [mem 0x20000000-0xffdfffff window]
[    5.454080] pci_bus 0000:00: root bus resource [bus 00-ff]
[    5.456432] pci 0000:00:01.1: legacy IDE quirk: reg 0x10: [io  0x01f0-0x01f7]
[    5.466500] pci 0000:00:01.1: legacy IDE quirk: reg 0x14: [io  0x03f6]
[    5.502394] pci 0000:00:01.1: legacy IDE quirk: reg 0x18: [io  0x0170-0x0177]
[    5.503773] pci 0000:00:01.1: legacy IDE quirk: reg 0x1c: [io  0x0376]
[    5.528569] ACPI: PCI Interrupt Link [LNKA] (IRQs 5 9 10 11) *0, disabled.
[    5.572968] ACPI: PCI Interrupt Link [LNKB] (IRQs 5 9 10 *11)
[    5.586705] ACPI: PCI Interrupt Link [LNKC] (IRQs 5 9 *10 11)
[    5.590458] ACPI: PCI Interrupt Link [LNKD] (IRQs 5 *9 10 11)
[    5.593475] ACPI: Enabled 2 GPEs in block 00 to 07
[    5.610451] vgaarb: setting as boot device: PCI:0000:00:02.0
[    5.615720] vgaarb: device added: PCI:0000:00:02.0,decodes=io+mem,owns=io+mem,locks=none
[    5.618582] vgaarb: loaded
[    5.629928] vgaarb: bridge control possible 0000:00:02.0
[    5.636610] SCSI subsystem initialized
[    5.639191] ACPI: bus type USB registered
[    5.646508] usbcore: registered new interface driver usbfs
[    5.647625] usbcore: registered new interface driver hub
[    5.649863] usbcore: registered new device driver usb
[    5.693230] PCI: Using ACPI for IRQ routing
[    5.752714] NetLabel: Initializing
[    5.759213] NetLabel:  domain hash size = 128
[    5.824146] NetLabel:  protocols = UNLABELED CIPSOv4
[    5.889853] NetLabel:  unlabeled traffic allowed by default
[    5.959505] amd_nb: Cannot enumerate AMD northbridges
[    5.968704] clocksource: Switched to clocksource kvm-clock
[    5.979006] AppArmor: AppArmor Filesystem Enabled
[    6.005287] pnp: PnP ACPI init
[  60138 pp:nPACI:oud  dvies

[   .5845]clckouce apipm msk 0xffffff max_cycles: 0xffffff, max_idle_ns: 2085701024 ns
[   .813] T:egted otocol family 2

[    7.172844] TCP established hash table entries: 4096 (order: 3, 32768 bytes)
[   .113] P ndha tbl etres 46 orer 4 6536 bytes)
[   .79501] TCP: Hash tables configured (established 4096 bind 4096)
[    7.776395] UDP hash table entries: 256 (order: 1, 8192 bytes)
[    7.777572] UDP-Lite hash table entries: 256 (order: 1, 8192 bytes)
[   .778831] NET: Registered protocol family 1
[  7509]ci00:000: mingirt I/I anfe
  8.10] ci 0000:00:01.0: Activating ISA DMA hang workarounds
[   841666] Tryngo pak ot iges itmf..

[   10.974892] Freeing initrd memory: 10528K (ffff88001edf2000 - ffff88001f83a000)
[  1.996] AP PU etctd,AP uits ^- Jul,  fxe cunrs1074820 s vftier
[ 11416]w itf man p0co 20 Joules

[   12.317409] hw unit of domain package 2^-0 Joules
[   12.327920] hw unit of domain pp1-gpu 2^-0 Joules
[   12.333799] platform rtc_cmos: registered platform RTC device (no PNP device found)
[  1.3449]cainfolomeryorptn every 60 seconds
[   12.912435] futex hash table entries: 512 (order: 3, 32768 bytes)
[   13.140907] audit: initializing netlink subsys (disabled)
[   13.260975] audit: type=2000 audit(1488980981.330:1): initialized
[   13.287151] Initialise system trusted keyring
[   13.332748] tsc: Refined TSC clocksource calibration: 3393.469 MHz
[   13.332751] clocksource: tsc: aask: 0xffffffffffffffff max_cycles: 0x30ea35693ca, max_idle_ns: 440795368186 ns
[   14.285311] HugeTLB registered 2 MB page size, pre-allocated 0 pages
[   14.353050] zbud: loaded
[   14.481037] VFS: Disk quotas dquot_6.6.0
[   14.750691] VFS: Dquot-cache hash table entries: 512 (order ,, 4996 bytes)
[   15.251009] squashfs: version 4.0 (2009/01/31) Phillip Lougher
[   15.501152] fuse init (API version 7.23)
[   15.850830] Key type big_key registered
[   15.940698] Allocating IMA MOK and blacklist keyrings.
[   16.264660] Key type asymmetric registered
[   16.311156] Asymmetric key parser 'x509' registered
[   16.314842] Block layer SCSI generic (bsg) driver version 0.4 loaded (major 249)
[   16.318120] io scheduler noop registered
[   16.321402] io scheduler deadline registered (default)
[   16.337735] io scheduler cfq registered
[   16.341491] pci_hotplug: PCI Hot Plug PCI Core version: 0.5
[   16.351329] pciehp: PCI Express Hot Plug Controller Driver version: 0.4
[   16.353010] ACPI: AC Adapter [AC] (on-line)
[   16.481444] input: Power Button as /devices/LNXSYSTM:00/LNXPWRBN:00/input/input0
[   16.547849] ACPI: Power Button [PWRF]
[   16.571269  input: Sleep Button as /devices/LNXSYSTM:00/LNXSLPBN:00/input/input1
[   16.751242] ACPI: Sleep Button [SLPF]
[   16.911345] GHES: HEST is not enabled!
[   17.000861] Serial: 8250/16550 driver, 32 ports, IRQ sharing enabled
[   17.162361] 00:02: ttyS0 at I/O 0x3f8 (irq = 4, base_baud = 115200) is a 16550A
[   17.262307] Linux agpgart interface v0.103
[   17.413596] brd: module loaded
[   17.442530] loop: module loaded
[   17.591463] scsi host0: ata_piix
[   17.631038] scsi host1: ata_piix
[   17.631653] ata1: PATA max UDMA/33 cmd 0x1f0 ctl 0x3f6 bmdma 0xd000 irq 14
[   17.632612] ata2: PATA ma  UDMA/33 cmd 0x170 ctl 0x376 bmdma 0xd008 irq 15
[   17.791458] libphy: Fixed MDIO Bus: probed
[   17.794000] tun: Universal TUN/TAP device driver, 1.6
[   17.795032] tun: (C) 1999-2004 Max Krasnyansky <maxk@qualcomm.com>
[   17.796310] PPP generic driver version 2.4.2
[   17.801250] ehci_hcd: USB 2.0 'Enhanced' Host Controller (EHCI) Driver
[   17.811554] ehci-pci: EHCI PCI platform driver
[   17.812525] ehci-platform: EHCI generic platform driver
[   17.813637] ohci_hcd: USB 1.1 'Open' Host Controller (OHCI) Driver
[   17.814841] ohci-pci: OHCI PCI platform driver
[   17.815804] ohci-platform: OHCI generic platform driver
[   17.818345] uhci_hcd: USB Universal Host Controller Interface driver
[   17.820922] i8042: PNP: PS/2 Controller [PNP0303:PS2K,PNP0f03:PS2M] at 0x60,0x64 irq 1,12
[   17.832541] serio: i8042 KBD port at 0x60,0x64 irq 1
[   17.860783] serio: i8042 AUX port at 0x60,0x64 irq 12
[   17.871532] mousedev: PS/2 mouse device common for all mice
[   17.893912] rtc_cmos rtc_cmos: rtc core: registered rtc_cmos as rtc0
[   17.932656] rtc_cmos rtc_cmos: alarms up to one day, 114 bytes nvram
[   17.951602] input: AT Translated Set 2 keyboard as /devices/platform/i8042/serio0/input/input2
[   17.981290] i2c /dev entries driver
[   77.986840] device-mapper: uevent: version 1.0.3
[   18.171521] device-mapper: ioctl: 4.34.0-ioctl (2015-10-28) initialised: dm-devel@redhat.com
[   18.192246] ledtrig-cpu: registered to indicate activity on CPUs
[   18.223794] NET: Registered protocol family 10
[   18.231606] NET: Registered protocol family 17
[   18.243248] Key type dns_resolver registered
[   18.257572] microcode: CPU0 sig=0x306a9, pf=0x2, revision=0x19
[   18.262704] microcode: CPU1 sig=0x306a9, pf=0x2, revision=0x19
[   18.264765] microcode: Microcode Update Driver: v2.01 <tigran@aivazian.fsnet.co.uk>, Peter Oruba
[   18.272941] registered taskstats version 1
[  18.292869] Loading compiled-in X.509 certificates
[ 18517]oad 50ce 'iltie autogenerated kernel key: a630254739635d6fdc487c9f0afa5d9a0ff04f04'
[   18.871813]sw: add si pl o/zbud
[   19.263747] Key type trusted registered
[   19.273285] Key type encrypted registered
[   19.296061] AppArmor: AppArmor sha1 policy hashing enabled
[   19.309255] ima: No TPM chip found, activating TPM-bypass!
[   19.315778] evm: HMAC attrs: 0x1
[   19.325631]   Magic number: 9:746:836
[   19.349316] rtc_cmos rtc_cmos: setting system clock to 2017-03-08 13:49:48 UTC (1488980988)
[   19.362236] BIOS EDD facility v0.16 2004-Jun-25, 0 devices found
[  1.411] DDinortin otaville
[   19.806575] Freeing unused kernel memory: 1488K (ffffffff81f44000 - ffffffff820b8000)
[   19.860990] Write protecting the kernel read-only data: 14336k
[   19.892097] Freeing unused kernel memory: 1792K (ffff880001840000 - ffff880001a00000)
[   20.009395] Freeing unused kernel memory: 136K (ffff880001dde000 - ffff880001e00000)
Loading, please [   20.107750] random: systemd-udevd: uninitialized urandom read (16 bytes read, 3 bits of entropy available)
wait...
startin[   20.108683] random: udevadm: uninitialized urandom read (16 bytes read, 3 bits of entropy available)
g version 229
[   20.108724] random: udevadm: uninitialized urandom read (16 bytes read, 3 bits of entropy available)
[   20.108867] random: udevadm: uninitialized urandom read (16 bytes read, 3 bits of entropy available)
[   20.108915] random: udevadm: uninitialized urandom read (16 bytes read, 3 bits of entropy available)
[   20.108957] random: udevadm: uninitialized urandom read (16 bytes read, 3 bits of entropy available)
[   20.109086] random: udevadm: uninitialized urandom read (16 bytes read, 3 bits of entropy available)
[   20.109134] random: udevadm: uninitialized urandom read (16 bytes read, 3 bits of entropy available)
[   20.109180] random: udevadm: uninitialized urandom read (16 bytes read, 3 bits of entropy available)
[   20.109223] random: udevadm: uninitialized urandom read (16 bytes read, 3 bits of entropy available)
[   20.335463] Fusion MPT base driver 3.04.20
[   20.336944] Copyright (c) 1999-2008 LSI Corporation
[   20.348464] Fusion MPT SPI Host driver 3.04.20
[   20.352461] mptbase: ioc0: Initiating bringup
[   20.354504] e1000: Intel(R) PRO/1000 Network Driver - version 7.3.21-k8-NAPI
[   20.365435] e1000: Copyright (c) 1999-2006 Intel Corporation.
[   20.449308] ioc0: LSI53C1030 A0: Capabilities={Initiator}
[   20.555385] input: ImExPS/2 Generic Explorer Mouse as /devices/platform/i8042/serio1/input/input4
[   20.718926] scsi host2: ioc0: LSI53C1030 A0, FwRev=00000000h, Ports=1, MaxQ=256, IRQ=20
[   20.893878] scsi 2:0:0:0: Direct-Access     VBOX     HARDDISK         1.0  PQ: 0 ANSI: 5
[   20.902438] scsi target2:0:0: Beginning Domain Validation
[   21.334445] scsi target2:0:0: Domain Validation skipping write tests
[   21.414704] scsi target2:0:0: Ending Domain Validation
[   21.416902] scsi target2:0:0: asynchronous
[   21.444966] scsi 2:0:1:0: Direct-Access     VBOX     HARDDISK         1.0  PQ: 0 ANSI: 5
[   21.448300] scsi target2:0:1: Beginning Domain Validation
[   21.452147] scsi target2:0:1: Domain Validation skipping write tests
[   21.454545] scsi target2:0:1: Ending Domain Validation
[   21.456739] scsi target2:0:1: asynchronous
[   21.566259] sd 2:0:0:0: Attached scsi generic sg0 type 0
[   21.587608] sd 2:0:0:0: [sda] 20971520 512-byte logical blocks: (10.7 GB/10.0 GiB)
[   21.609173] sd 2:0:1:0: Attached scsi generic sg1 type 0
[   21.612494] sd 2:0:1:0: [sdb] 20480 512-byte logical blocks: (10.5 MB/10.0 MiB)
[   21.612610] sd 2:0:1:0: [sdb] Write Protect is off
[   21.612690] sd 2:0:1:0: [sdb] Incomplete mode parameter data
[   21.612691] sd 2:0:1:0: [sdb] Assuming drive cache: write through
[   21.626662] sd 2:0:0:0: [sda] Write Protect is off
[   21.629023] sd 2:0:0:0: [sda] Incomplete mode parameter data
[   21.631665] sd 2:0:0:0: [sda] Assuming drive cache: write through
[   21.672147]  sda: sda1
[   21.679694] sd 2:0:1:0: [sdb] Attached SCSI disk
[   21.692467] sd 2:0:0:0: [sda] Attached SCSI disk
[   21.756103] e1000 0000:00:03.0 eth0: (PCI:33MHz:32-bit) 02:84:08:4f:fd:23
[   21.758765] e1000 0000:00:03.0 eth0: Intel(R) PRO/1000 Network Connection
[   21.774253] e1000 0000:00:03.0 enp0s3: renamed from eth0
[   23.373397] floppy0: no floppy controllers found
Begin: Loading e[   24.757917] md: linear personality registered for level -1
ssential drivers ... [   24.774823] md: multipath personality registered for level -4
[   24.779874] md: raid0 personality registered for level 0
[   24.788981] md: raid1 personality registered for level 1
[   24.880792] raid6: sse2x1   gen()  7621 MB/s
[   24.952741] raid6: sse2x1   xor()  7250 MB/s
[   25.024745] raid6: sse2x2   gen() 11213 MB/s
[   25.096742] raid6: sse2x2   xor()  8062 MB/s
[   25.176845] raid6: sse2x4   gen() 13132 MB/s
[   25.268773] raid6: sse2x4   xor()  8719 MB/s
[   25.278475] raid6: using algorithm sse2x4 gen() 13132 MB/s
[   25.301025] raid6: .... xor() 8719 MB/s, rmw enabled
[   25.320802] raid6: using ssse3x2 recovery algorithm
[   25.339964] xor: automatically using best checksumming function:
[   25.481373]    avx       : 16970.000 MB/sec
[   25.612517] async_tx: api initialized (async)
[   25.725872] md: raid6 personality registered for level 6
[   25.813186] md: raid5 personality registered for level 5
[   25.823829] md: raid4 personality registered for level 4
[   25.866127] md: raid10 personality registered for level 10
done.
Begin: Running /scripts/init-premount ... done.
Begin: Mounting root file system ... Begin: Running /scripts/local-top ... done.
Begin: Running /scripts/local-premount ... [   25.935442] Btrfs loaded
Scanning for Btrfs filesystems
done.
Warning: fsck not present, so skipping root file system
[   26.109671] EXT4-fs (sda1): mounted filesystem with ordered data mode. Opts: (null)
done.
Begin: Running /scripts/local-bottom ... done.
Begin: Running /scripts/init-bottom ... done.
[   26.468572] systemd[1]: systemd 229 running in system mode. (+PAM +AUDIT +SELINUX +IMA +APPARMOR +SMACK +SYSVINIT +UTMP +LIBCRYPTSETUP +GCRYPT +GNUTLS +ACL +XZ -LZ4 +SECCOMP +BLKID +ELFUTILS +KMOD -IDN)
[   26.484291] systemd[1]: Detected virtualization oracle.
[   26.498530] systemd[1]: Detected architecture x86-64.

Welcome to [1mUbuntu 16.04.2 LTS[0m!

[   26.554292] systemd[1]: Set hostname to <ubuntu-xenial>.
[ 26971]ysmd]:isening on Jornl Socket.
[[0;32m  OK  [0m] Listening on Journal Socket.
[ 27805]syte[1]: Rehe target Encrypted Volumes.
[[0;32m  OK  [0m] Reached target Encrypted Volumes.
[  2.882] std[: eaed slice System Slice.
[[0;32m  OK  [0m] Created slice System Slice.
[   28.321058] systemd[1]: Starting Load Kernel Modules...
         Starting Load Kernel Modules...
[   28.346848] systemd[1]: Starting Remount Root and Kernel File Systems...
         Starting Remount[   28.358863] Loading iSCSI transport class v2.0-870.
 Root and Kernel File Systems...
[   28.461846] systemd[1]: Listening on LVM2 metadata daemon socket.
[[0;32m  OK  [0m] Listening on LVM2 metadata daemon socket.
[   28.497210] systemd[1]: Listening on Journal Audit Socket.
[[0;32m  OK  [0m] Listening on Journal Audit Socket.
[   28.518721] iscsi: registered transport (tcp
[   28.519161] systemd[1]: Created slice User and Session Slice.
[   28.676259] random: nonblocking pool is initialized
[   28.682808] EXT4-fs (sda1): re-mounted. Opts: (null)
[[0;32m  OK  [0m] Created slice User and Sessio[   28.798813] iscsi: registered transport (iser)
n Slice.
[   28.861074] systemd[1]: Reached target Slices.
[[0;32m  OK  [0m] Reached target Slices.
[   28.981118] systemd[1]: Listening on /dev/initctl Compatibility Named Pipe.
[[0;32m  OK  [0m] Listening on /dev/initctl Compatibility Named Pipe.
[   29.012953] systemd[1]: Mounting Debug File System...
         Mounting Debug File System...
[   29.060701] systemd[1]: Started Forward PasswordReess  Wll Directory Watch.
[[0;32m  OK  [0m] Started Forward Password Requests to Wall Directory Watch.
[ 29.270578] syted[: stinonLV pll daemon socket.
[[0;32m  OK  [0m] Listening on LVM2 poll daemon socket.
[   29.765063] systemd[1]: Listening on Syslog Socket.
[[0;32m  OK  [0m] Listening on Syslog Socket.
[   29.779950] systemd[1]: Set up automount Arbitrary Executable File Formats File System Automount Point.
[[0;32m  OK  [0m] Set up automount Arbitrary Executab...ats File System Automount Point.
[   29.857017] systemd[1]: Starting Set console keymap...
         Starting Set console keymap...
[   29.914611] systemd[: stinonde Kne Socket.
[[0;32m  OK  [0m] Listening on udev Kernel Socket.
[   30.324969] systemd[1]: Starting Uncomplicated firewall...
         Starting Uncomplicated firewall...
[   30.369466] systemd[1]: Reached target Swap.
[[0;32m  OK  [0m] Reached target Swap.
[   30.404884] systemd[1]: Mounting POSIX Message Queue File System...
         Mounting POSIX Message Queue File System...
[   304427] stmd]:reedli sstem-seral2dgey.ic
[[0;32m  OK  [0m] Created slice system-serial\x2dgetty.slice.
[   31.113249] systemd[1]: Mounting Huge Pages File System...
         Mounting Huge Pages File System...
[ 31169100] systemd[1]: Listening on udev Control Socket.
[[0;32m  OK  [0m] Listening on udev Control Socket.
[   31.262870] systemd[1]: Starting Create list of required static device nodes for the current kernel...
         Starting Create list of required st... nodes for the current kernel...
[ 313612 ste[1 Rch tgeUsr and Group Name Lookups.
[[0;32m  OK  [0m] Reached target User and Group Name Lookups.
[ 3189082] systemd[1]: Listening on Device-mapper event daemon FIFOs.
[[0;32m  OK  [0m] Listening on Device-mapper event daemon FIFOs.

[   31.993132] systemd[1]: Starting Monitoring of LVM2 mirrors, snapshots etc. using dmeventd or progress polling...
         Starting Monitoring of LVM2 mirrors... dmeventd or progress polling...
[   32.017790] systemd[1]: Starting Nameserver information manager...
         Starting Nameserver information manager...
[   32.033214] systemd[1]: Listening on Journal Socket (/dev/log).
[[0;32m  OK  [0m] Listening on Journal Socket (/dev/log).
[   32.089023] systemd[1]: Starting Journal Service...
         Starting Journal Service...
[   32.149736] systemd[1]: Mounted Debug File System.
[[0;32m  OK  [0m] Mounted Debug File System.
[   32.189162] systemd[1]: Mounted POSIX Message Queue File System.
[[0;32m  OK  [0m] Mounted POSIX Message Queue File System.
[   32.205743] systemd[1]: Mounted Huge Pages File System.
[[0;32m  OK  [0m] Mounted Huge Pages File System.
[   32.230813] systemd[1]: Started Journal Service.
[[0;32m  OK  [0m] Started Journal Service.
[[0;32m  OK  [0m] Started Load Kernel Modules.
[[0;32m  OK  [0m] Started Remount Root and Kernel File Systems.
[[0;32m  OK  [0m] Started Set console keymap.
[[0;32m  OK  [0m] Started Uncomplicated firewall.
[[0;32m  OK  [0m] Started Create list of required sta...ce nodes for the current kernel.
[[0;32m  OK  [0m] Started Nameserver information manager.
[[0;32m  OK  [0m] Started LVM2 metadata daemon.
         Starting Create Static Device Nodes in /dev...
         Starting Load/Save Random Seed...
         Starting Initial cloud-init job (pre-networking)...
         Starting udev Coldplug all Devices...
         Starting Apply Kernel Variables...
         Mounting FUSE Control File System...
         Starting Flush Journal to Persistent Storage...
[[0;32m  OK  [0m] Mounted FUSE Control File System.
[[0;32m  OK  [0m] Started Create Static Device Nodes in /dev.
[[0;32m  OK  [0m] Started Load/Save Random Seed.
[[0;32m  OK  [0m] Started Monitoring of LVM2 mirrors,...ng dmeventd or progress polling.
[[0;32m  OK  [0m] Started Apply Kernel Variables.
[[0;32m  OK  [0m] Started udev Coldplug all Devices.
         Starting udev Kernel Device Manager...
[[0;32m  OK  [0m] Started Flush Journal to Persistent Storage.
[[0;32m  OK  [0m] Started udev Kernel Device Manager.
[[0;32m  OK  [0m] Started Dispatch Password Requests to Console Directory Watch.
[[0;32m  OK  [0m] Reached target Local File Systems (Pre).
[[0;32m  OK  [0m] Reached target Local File Systems.
         Starting Tell Plymouth To Write Out Runtime Data...
         Starting Create Volatile Files and Directories...
         Starting LSB: AppArmor initialization...
         Starting Set console font and keymap...
[[0;32m  OK  [0m] Started Tell Plymouth To Write Out Runtime Data.
[[0;32m  OK  [0m] Found device /dev/ttyS0.
[[0;32m  OK  [0m] Started Create Volatile Files and Directories.
[[0;32m  OK  [0m] Reached target System Time Synchronized.
         Starting Update UTMP about System Boot/Shutdown...
[[0;32m  OK  [0m] Found device 82540EM Gigabit Ethern...r (PRO/1000 MT Desktop Adapter).
[[0;32m  OK  [0m] Started Update UTMP about System Boot/Shutdown.
[[0;32m  OK  [0m] Started Set console font and keymap.
[[0;32m  OK  [0m] Created slice system-getty.slice.
[[0;32m  OK  [0m] Started LSB: AppArmor initialization.
[[0;32m  OK  [0m] Listening on Load/Save RF Kill Switch Status /dev/rfkill Watch.
[   30.199301] cloud-init[447]: Cloud-init v. 0.7.8 running 'init-local' at Wed, 08 Mar 2017 13:50:04 +0000. Up 29.70 seconds.
[[0;32m  OK  [0m] Started Initial cloud-init job (pre-networking).
[[0;32m  OK  [0m] Reached target Network (Pre).
[[0;32m  OK  [0m] Started ifup for enp0s3.
         Starting Raise network interfaces...
[[0;32m  OK  [0m] Started Raise network interfaces.
[[0;32m  OK  [0m] Reached target Network.
         Starting Initial cloud-init job (metadata service crawler)...
[   31.838154] cloud-init[1053]: Cloud-init v. 0.7.8 running 'init' at Wed, 08 Mar 2017 13:50:06 +0000. Up 31.41 seconds.
[   31.928440] cloud-init[1053]: ci-info: +++++++++++++++++++++++++++++++++++++Net device info+++++++++++++++++++++++++++++++++++++
[[0;32m  OK  [0m] Started Initial cloud-init job (metadata service crawler).
[   31.928703] cloud-init[1053]: ci-info: +--------+------+---------------------------+---------------+-------+-------------------+
[   32.192353] cloud-init[1053]: ci-info: | Device |  Up  |          Address          |      Mask     | Scope |     Hw-Address    |
[   32.192598] cloud-init[1053]: ci-info: +--------+------+---------------------------+---------------+-------+-------------------+
[[0;32m  OK  [0m] Reached target Network is Online.
[   32.192772] cloud-init[1053]: ci-info: |   lo   | True |         127.0.0.1         |   255.0.0.0   |   .   |         .         |
[   32.208717] cloud-init[1053]: ci-info: |   lo   | True |          ::1/128          |       .       |  host |         .         |
[   32.250542] cloud-init[1053]: ci-info: | enp0s3 | True |         10.0.2.15         | 255.255.255.0 |   .   | 02:84:08:4f:fd:23 |
[   32.250734] cloud-init[1053]: ci-info: | enp0s3 | True | fe80::84:8ff:fe4f:fd23/64 |       .       |  link | 02:84:08:4f:fd:23 |
         Starting iSCSI initiator daemon (iscsid)...
[[   32.250895] cloud-init[1053]: ci-info: +--------+------+---------------------------+---------------+-------+-------------------+
[0;32m  OK  [0m] Reached target System Initialization.
[[   32.263191] cloud-init[0;32m  OK  [0m[1053]: ci-info: +++++++++++++++++++++++++++Route IPv4 info++++++++++++++++++++++++++++
] Listening on ACPID Listen Socket.
[   32.276588] cloud-init[1053]: ci-info: +-------+-------------+----------+---------------+-----------+-------+
[   32.287124] cloud-init[1053]: ci-info: | Route | Destination | Gateway  |    Genmask    | Interface | Flags |
[   32.287459] cloud-init[1053]: ci-info: +-------+-------------+----------+---------------+-----------+-------+
         Starting Socket activation for snappy daemon.
[[   32.287636] cloud-init[1053]: ci-info: |   0   |   0.0.0.0   | 10.0.2.2 |    0.0.0.0    |   enp0s3  |   UG  |
[   32.303844] cloud-init[1053]: ci-info: |   1   |   10.0.2.0  | 0.0.0.0  | 255.255.255.0 |   enp0s3  |   U   |
[0;32m  OK  [0m] Started Trigger resolvconf update for networkd DNS.
[   32.303929] cloud-init[1053]: ci-info: +-------+-------------+----------+---------------+-----------+-------+
[[0;32m  OK  [0m] Started ACPI Events Check.
[[0;32m  OK  [0m] Reached target Paths.
         Starting LXD - unix socket.
[[0;32m  OK  [0m] Listening on D-Bus System Message Bus Socket.
[[0;32m  OK  [0m] Listening on UUID daemon activation socket.
[[0;32m  OK  [0m] Started Daily Cleanup of Temporary Directories.
[[0;32m  OK  [0m] Started Timer to automatically refresh installed snaps.
[[0;32m  OK  [0m] Started Daily apt activities.
[[0;32m  OK  [0m] Reached target Timers.
[[0;32m  OK  [0m] Reached target Cloud-config availability.
[[0;32m  OK  [0m] Listening on Socket activation for snappy daemon.
[[0;32m  OK  [0m] Listening on LXD - unix socket.
[[0;32m  OK  [0m] Started iSCSI initiator daemon (iscsid).
         Starting Login to default iSCSI targets...
[[0;32m  OK  [0m] Reached target Sockets.
[[0;32m  OK  [0m] Reached target Basic System.
         Starting LSB: Record successful boot for GRUB...
[[0;32m  OK  [0m] Started D-Bus System Message Bus.
[[0;32m  OK  [0m] Started Deferred execution scheduler.
         Starting System Logging Service...
         Starting Accounts Service...
         Starting OpenBSD Secure Shell server...
[[0;32m  OK  [0m] Started Regular background program processing daemon.
         Starting LXD - container startup/shutdown...
         Starting Login Service...
[[0;32m  OK  [0m] Started Snappy daemon.
[[0;32m  OK  [0m] Started ACPI event daemon.
         Starting /etc/rc.local Compatibility...
[[0;32m  OK  [0m] Started FUSE filesystem for LXC.
         Starting Apply the settings specified in cloud-config...
         Starting LSB: MD monitoring daemon...
         Starting Auto import assertions from block devices...
[[0;32m  OK  [0m] Started System Logging Service.
[[0;32m  OK  [0m] Started OpenBSD Secure Shell server.
[[0;32m  OK  [0m] Started /etc/rc.local Compatibility.
[[0;32m  OK  [0m] Started Auto import assertions from block devices.
[[0;32m  OK  [0m] Started LSB: Record successful boot for GRUB.
[[0;32m  OK  [0m] Started LSB: MD monitoring daemon.
[[0;32m  OK  [0m] Started Login to default iSCSI targets.
[[0;32m  OK  [0m] Started Login Service.
         Starting Authenticate and Authorize Users to Run Privileged Tasks...
[   34.155808] [cloud-init[0;32m  OK  [0m[1149]: ] Cloud-init v. 0.7.8 running 'modules:config' at Wed, 08 Mar 2017 13:50:08 +0000. Up 33.89 seconds.Reached target Remote File Systems (Pre).

[[0;32m  OK  [0m] Reached target Remote File Systems.
         Starting LSB: daemon to balance interrupts for SMP systems...
         Starting LSB: VirtualBox Linux Additions...
         Starting LSB: Set the CPU Frequency Scaling governor to "ondemand"...
         Starting LSB: automatic crash report generation...
         Starting Permit User Sessions...
[[0;32m  OK  [0m] Started Apply the settings specified in cloud-config.
[[0;32m  OK  [0m] Started Permit User Sessions.
[[0;32m  OK  [0m] Started Authenticate and Authorize Users to Run Privileged Tasks.
[[0;32m  OK  [0m] Started Accounts Service.
         Starting Hold until boot process finishes up...
         Starting Terminate Plymouth Boot Screen...
[[0;32m  OK  [0m] Started LSB: daemon to balance interrupts for SMP systems.
[[0;32m  OK  [0m] Started LXD - container startup/shutdown.
[[0;32m  OK  [0m] Started LSB: Set the CPU Frequency Scaling governor to "ondemand".
[[0;32m  OK  [0m] Started LSB: automatic crash report generation.
[[0;32m  OK  [0m] Started Hold until boot process finishes up.
[[0;32m  OK  [0m] Started Terminate Plymouth Boot Screen.
[[0;32m  OK  [0m] Started LSB: VirtualBox Linux Additions.
[[0;32m  OK  [0m] Started Serial Getty on ttyS0.
[[0;32m  OK  [0m] Started Getty on tty1.
[[0;32m  OK  [0m] Reached target Login Prompts.
         Starting Set console scheme...
[[0;32m  OK  [0m] Reached target Multi-User System.
         Starting Execute cloud user/final scripts...
[[0;32m  OK  [0m] Reached target Graphical Interface.
         Starting Update UTMP about System Runlevel Changes...
[[0;32m  OK  [0m] Started Set console scheme.
[[0;32m  OK  [0m] Started Update UTMP about System Runlevel Changes.
[   35.373372] cloud-init[1281]: Cloud-init v. 0.7.8 running 'modules:final' at Wed, 08 Mar 2017 13:50:09 +0000. Up 35.19 seconds.
[   35.406605] cloud-init[1281]: Cloud-init v. 0.7.8 finished at Wed, 08 Mar 2017 13:50:09 +0000. Datasource DataSourceNoCloud [seed=/dev/sdb][dsmode=net].  Up 35.35 seconds
[[0;32m  OK  [0m] Started Execute cloud user/final scripts.
[[0;32m  OK  [0m] Reached target Cloud-init target.

Ubuntu 16.04.2 LTS ubuntu-xenial ttyS0

ubuntu-xenial login: 