[    0.000000] Initializing cgroup subsys cpuset
[    0.000000] Initializing cgroup subsys cpu
[    0.000000] Initializing cgroup subsys cpuacct
[    0.000000] Linux version 4.4.0-62-generi (uildd@lcy01-30) (gcc version 5.4.0 20160609 (Ubuntu 5.4.0-6ubuntu1~16.04.4) ) #83-Ubuntu SMP Wed Jan 18 14:10:15 UTC 2017 (Ubuntu 4.4.0-62.83-generic 4.4.40)
[    0.000000] Command line: BOOT_IMAGE=/boot/vmlinuz-4.4.0-62-generic root=LABEL=cloudimg-rootfs ro console=tty1 console=ttyS0
[    0.000000] KERNEL supported cpus:
[    0.000000]   Intel GenuineIntel
[    0.000000]   AMD AuthenticAMD
[    0.000000]   Centaur CentaurHauls
[    0.000000] x86/fpu: xstate_offset[2]:  576, xstate_sizes[2]:  256
[    0.000000] x86/fpu: Supporting XSAVE feature 0x01: 'x87 floating point registers'
[    0.000000] x86/fpu: Supporting XSAVE feature 0x0: 'SSE registers'
[    0.000000] x86/fpu: Supporting XSAVE feature 0x0 'VXregisters'
[    0.000000] x86/fpu: Enabled xstate features 0x7, context size is 832 bytes, using 'standard' format.
[    0.000000] x86/fpu: Using 'lazy' FPU context switches.
[    0.000000] e820: BIOS-provided physical RAM map:
[    0.000000] BIOS-e820: [mem 0x0000000000000000-0x000000000009fbff] usable
[    0.000000] BIOS-e820: [mem 0x000000000009fc00-0x000000000009ffff] reserved
[    0.000000] BIOS-e820: [mem 0x00000000000f0000-0x00000000000fffff] reserved
[    0.000000] BIOS-e820: [mem 0x0000000000100000-0x000000003ffeffff] usable
[    0.000000] BIOS-e820: [mem 0x000000003fff0000-0x000000003fffffff] ACPI data
[    0.000000] BIOS-e820: [mem 0x00000000fffc0000-0x00000000ffffffff] reserved
[    0.000000] NX (Execute Disable) protection: active
[    0.000000] SMBIS 5 present.
[    0.000000] Hypervisor detected: KVM
[    0.000000] e820: last_pfn = 0x3fff0 max_arch_pfn = 0x400000000
[    0.000000] MTRR: Disabled
[    0.000000] x86/PAT: MTRRs disabled, skipping PAT initialaton too
[  0.000000] x86/PAT: Configuration [0-7]: WB  WT  UC- UC  WB  WT  UC- UC  
[    0.000000] CPU MTRRs allblank - vituized system.
[    0.000000] found SMP MP-taleat [emx009f0x0009fff]aped at ffff000009fff0][   0.000000] Scanning 1 areas for low memory corruption
[    0.000000] RAMDISK: [mem 0x36b60000-0x375a7fff]
[    0.000000] ACP: arly table checksum verification disabled
[    0.000000] ACPI: RSDP 0x00000000000E0000 000024 (v02 VBOX  )
[    0.000000] ACPI: XST x00000003F0030 0000C 01VBOX   VBOXXSDT 00000001 ASL  00000061)
[    0.000000] ACPI: FACP 0x000000003FFF00F0 0000F4 (v04 VBOX   VBOXFACP 000001SL  000006
    0.000000] ACPI: DSDT 0x000000003FFF0470 00218(v01 VBOX   VBOXBIOS 00000002 INTL 20160108)
[    0.000000] ACPI: FACS 0x000000003FFF0200 000040
[    0.000000] ACPI: FACS 0x000000003FFF0200 000040
[    0.000000] ACPI: APIC 0x000000003FFF0240 00005C (v02 VBOX   VBOXAPIC 00000001 ASL  00000061)
[    0.000000] ACPI: SSDT 0x000000003FFF02A0 0001CC (v01 VBOX   VBOXCPUT 00000002 INTL 20160108)
[    0.000000] No NUMA configuration found
[    0.000000] Faking a node at [mem 0x0000000000000000-0x000000003ffeffff]
[    0.000000] NODE_DATA(0) allocated [mem 0x3ffeb000-0x3ffeffff]
[    0.000000] kvm-clock: Using msrs 4b564d01 and 4b564d00
[    0.000000] kvm-clock: cpu 0, msr 0:3ffe3001, primary cpu clock
[    0.000000] kvm-clock: using sched offset of 3145945200 cycles
[    0.000000] clocksource: kvm-clock: mask: 0xffffffffffffffff max_cycles: 0x1cd42e4dffb, max_idle_ns: 881590591483 ns
[    0.000000] Zone ranges:
[    0.000000]   DMA      [mem 0x0000000000001000-0x0000000000ffffff]
[    0.000000]   DMA32    [mem 0x0000000001000000-0x000000003ffeffff]
[    0.000000]   Normal   empty
[    0.000000]   Device   empty
[    0.000000] Movable zone start for each node
[    0.000000] Early memory node ranges
[    0.000000]   node   0: [mem 0x0000000000001000-0x000000000009efff]
[    0.000000]   node   0: [mem 0x0000000000100000-0x000000003ffeffff]
[    0.000000] Initmem setup node 0 [mem 0x0000000000001000-0x000000003ffeffff]
[    0.000000] ACPI: PM-Timer IO Port: 0x4008
[    0.000000] IOAPIC[0]: apic_id 2, version 17, address 0xfec00000, GSI 0-23
[    0.000000] ACPI: INT_SRC_OVR (bus 0 bus_irq 0 global_irq 2 dfl dfl)
[    0.000000] ACPI: INT_SRC_OVR (bus 0 bus_irq 9 global_irq 9 high level)
[    0.000000] Using ACPI (MADT) for SMP configuration information
[    0.000000] smpboot: Allowing 2 CPUs, 0 hotplug CPUs
[    0.000000] PM: Registered nosave memory: [mem 0x00000000-0x00000fff]
[    0.000000] PM: Registered nosave memory: [mem 0x0009f000-0x0009ffff]
[    0.000000] PM: Registered nosave memory: [mem 0x000a0000-0x000effff]
[    0.000000] PM: Registered nosave memory: [mem 0x000f0000-0x000fffff]
[    0.000000] e820: [mem 0x40000000-0xfffbffff] available for PCI devices
[    0.000000] Booting paravirtualized kernel on KVM
[    0.000000] clocksource: refied-jiffies: mask: 0xffffffff max_cycles: 0xffffff, ax_idle_ns: 76455160211568 ns
[    0.000000] setup_percpu: NR_CPUS:512 nr_cpumask_bits:512 nr_cpu_ids:2 nr_node_ids:1
[    0.000000] PERCPU: Embedded 33 pages/cpu @ffff88003fc00000 s98264 r8192 d28712 u1048576
[    0.000000] PV qspinlock hash table entries: 256 (order: , 409bys)
[    0.0000 Built 1 zonelists in Node order, mobility grouping on.  Total pages: 257913
[    0.000000] Policy zone: DMA32
[    0.000000] Kernel command line: BOOT_IMAGE=/boot/vmlinuz-4.4.0-62-generic root=LABEL=cloudimg-rootfs ro console=tty1 console=ttyS0
[    0.000000] PID hash table entries: 4096 (order: 3, 32768 bytes)
[    0.000000] Memory: 1002052K/1048120K available (8436K kernel code, 1291K rwdata, 3960K rodata, 1488K init, 1316K bss, 46068K reserved, 0K cma-reserved)
[    0.000000] SLUB: HWalign=64, Order=0-3, MinObjects=0, CPUs=2, Nodes=1
[    0.000000] Hierarchical RCU implementation.
[    0.000000] 	Build-time adjustment of leaf fanout to 64.
[    0.000000] 	RCU restricting CPUs from NR_CPUS=512 to nr_c_ids.[    0.000000]RCU: Adjusting geometry for rcu_fanout_leaf=64, nr_cpu_ids=2
[    0.000000] NR_IRQS:33024 nr_irqs:440 16
[    0.000000] Console: colourVG+ 80x25[  0.00000]onsole tt] nable
  0.000000] console [ttyS0] eabd
[    0.000000] tsc: Detected 3392.292 MHz processor
[    2.596895] Calibrating delay loop (skipped) preset value.. 6784.58 BogoMIPS (lpj=13569168)
[    2.641095] pid_max: default: 32768 minimum: 301
[    2.664440] ACPI: Core revision 20150930
[    2.690015] ACPI: 2 ACPI AML tables successfully acquired and loaded
[    2.725292] Security Framework initialized
[    2.760939] Yama: becoming mindful.
[    2.798773] AppArmor: AppArmor initialized
[    2.825978] Dentry cache hash table entries: 131072 (order: 8, 1048576 bytes)
[    2.841878] Inode-cache hash table entries: 65536 (order: 7, 524288 bytes)
[    2.858127] Mount-cache hash table entries: 2048 (order: 2, 16384 bytes)
[    2.864814] Mountpoint-cache hash table entries: 2048 (order: 2, 16384 bytes)
[    2.866358] Initializing cgroup subsys io
[    2.867292] Initializing cgroup subsys memory
[    2.868283] Initializing cgroup subsys devices
[    2.869254] Initializing cgroup subsys freezer
[    2.870244] Initializing cgroup subsys net_cls
[    2.873222] Initializing cgroup subsys perf_event
[    2.880115] Initializing cgroup subsys net_prio
[    2.881110] Initializing cgroup subsys hugetlb
[    2.882071] Initializing cgroup subsys pids
[    2.883218] CPU: Physical Processor ID: 0
[    2.889482] CPU: Processor Core ID: 0
[    2.890512] mce: CPU supports 0 MCE banks
[    2.893059] Last level iTLB entries: 4KB 512, 2MB 8, 4MB 8
[    2.920979] Last level dTLB entries: 4KB 512, 2MB 32, 4MB 32, 1GB 0
[    2.930509] Freeing SMP alternatives memory: 32K (ffffffff820b8000 - ffffffff820c0000)
[    2.942734] ftrace: allocating 32065 entries in 126 pages
[    2.991561] smpboot: APIC(0) Converting physical 0 to logical package 0
[    2.999297] smpboot: Max logical packages: 1
[    3.001399] ..TIMER: vector=0x30 apic1=0 pin1=2 apic2=-1 pin2=-1
[    3.115987] smpboot: CPU0: Intel(R) Core(TM) i3-3240 CPU @ 3.40GHz (family: 0x6, model: 0x3a, stepping: 0x9)
[    3.233229] Performance Events: unsupported p6 CPU model 58 no PMU driver, software events only.
[    3.356959] KVM setup paravirtual spinlock
[    3.363534] x86: Booting SMP configuration:
[    3.373598] .... node  #0, CPUs:      #1
[    3.381315] kvm-clock: cpu 1, msr 0:3ffe3041, secondary cpu clock
[    3.406143] mce: CPU supports 0 MCE banks
[    3.408903] x86: Booted up 1 node, 2 CPUs
[    3.415382] smpboot: Total of 2 processors activated (13569.16 BogoMIPS)
[    3.417127] devtmpfs: initialized
[    3.425801] evm: security.selinux
[    3.433860] evm: security.SMACK64
[    3.434439] evm: security.SMACK64EXEC
[    3.435059] evm: security.SMACK64TRANSMUTE
[    3.463469] evm: security.SMACK64MMAP
[    3.464287] evm: security.ima
[    3.466148] evm: security.capability
[    3.469232] clocksource: jiffies: mask: 0xffffffff max_cycles: 0xffffffff, max_idle_ns: 7645041785100000 ns
[    3.485086] pinctrl core: initialized pinctrl subsystem
[    3.490829] RTC time: 13:30:08, date: 03/08/17
[    3.497945] NET: Registered protocol family 16
[    3.516522] cpuidle: using governor ladder
[    3.531922] cpuidle: using governor menu
[    3.541053] PCCT header not found.
[    3.577190] ACPI: bus type PCI registered
[    3.597446] acpiphp: ACPI Hot Plug PCI Controller Driver version: 0.5
[    3.624961] PCI: Using configuration type 1 for base access
[    3.677179] ACPI: Added _OSI(Module Device)
[    3.703418] ACPI: Added _OSI(Processor Device)
[    3.727408] ACPI: Added _OSI(3.0 _SCP Extensions)
[    3.728118] ACPI: Added _OSI(Processor Aggregator Device)
[    3.821399] ACPI: Executed 1 blocks of module-level executable AML code
[    3.841095] ACPI: Interpreter enabled
[    3.870765] ACPI: (supports S0 S5)
[    3.889982] ACPI: Using IOAPIC for interrupt routing
[    3.935129] PCI: Using host bridge windows from ACPI; if necessary, use "pci=nocrs" and report a bug
[    3.987119] ACPI: PCI Root Bridge [PCI0] (domain 0000 [bus 00-ff])
[    4.045145] acpi PNP0A03:00: _OSC: OS supports [ASPM ClockPM Segments MSI]
[    4.080920] acpi PNP0A03:00: _OSC failed (AE_NOT_FOUND); disabling ASPM
[    4.121364] acpi PNP0A03:00: fail to add MMCONFIG information, can't access extended PCI configuration space under this bridge.
[    4.142501] PCI host bridge to bus 0000:00
[    4.156933] pci_bus 0000:00: root bus resource [io  0x0000-0x0cf7 window]
[    4.178455] pci_bus 0000:00: root bus resource [io  0x0d00-0xffff window]
[    4.194324] pci_bus 0000:00: root bus resource [mem 0x000a0000-0x000bffff window]
[    4.324165] pci_bus 0000:00: root bus resource [mem 0x40000000-0xffdfffff window]
[    4.459269] pci_bus 0000:00: root bus resource [bus 00-ff]
[    4.489829] pci 0000:00:01.1: legacy IDE quirk: reg 0x10: [io  0x01f0-0x01f7]
[    4.521818] pci 0000:00:01.1: legacy IDE quirk: reg 0x14: [io  0x03f6]
[    4.528707] pci 0000:00:01.1: legacy IDE quirk: reg 0x18: [io  0x0170-0x0177]
[    4.531139] pci 0000:00:01.1: legacy IDE quirk: reg 0x1c: [io  0x0376]
[    4.580831] ACPI: PCI Interrupt Link [LNKA] (IRQs 5 9 10 11) *0, disabled.
[    4.584609] ACPI: PCI Interrupt Link [LNKB] (IRQs 5 9 10 *11)
[    4.587565] ACPI: PCI Interrupt Link [LNKC] (IRQs 5 9 *10 11)
[    4.590435] ACPI: PCI Interrupt Link [LNKD] (IRQs 5 *9 10 11)
[    4.602843] ACPI: Enabled 2 GPEs in block 00 to 07
[    4.617465] vgaarb: setting as boot device: PCI:0000:00:02.0
[    4.650989] vgaarb: device added: PCI:0000:00:02.0,decodes=io+mem,owns=io+mem,locks=none
[    4.706475] vgaarb: loaded
[    4.716480] vgaarb: bridge control possible 0000:00:02.0
[    4.765182] SCSI subsystem initialized
[    4.781460] ACPI: bus type USB registered
[    4.791503] usbcore: registered new interface driver usbfs
[    4.794714] usbcore: registered new interface driver hub
[    4.843143] usbcore: registered new device driver usb
[    4.849877] PCI: Using ACPI for IRQ routing
[    4.858262] NetLabel: Initializing
[    4.858868] NetLabel:  domain hash size = 128
[    4.865048] NetLabel:  protocols = UNLABELED CIPSOv4
[    4.937457] NetLabel:  unlabeled traffic allowed by default
[    4.998186] amd_nb: Cannot enumerate AMD northbridges
[    5.067011] clocksource: Switched to clocksource kvm-clock
[    5.131364] AppArmor: ApAorilysm abd[  5127]npPn AI init
  5.01] np PP ACI: found 3 devices

[    6.115429] clokksource: acpippm: mask: 0xffffff max_cycles: 0xffffff, max_idle_ns: 2085701024 ns
[    6.698808] NET: Registered protocol family 2
[    6.838660] TCP established hashttable entries: 8192 (order: 4, 65536 bytes)
[    7.129527] TCP bind hash table entries: 8192 (order: 5, 131072 bytes)
[    7.518505] TCP: Hash tables configured (established 8192 bind 8192)
[    7.649607] UDP hash table entries: 512 (order: 2, 16384 bytes)
[    7.651199] UDP-Lite hash table entries: 512 (order: 2, 16384 bytes)
[    7.652956] NET: Registered protocol family 1
[    7.654174] pci 0000:00:00.0: Limiting direct PCI/PCI transfers
[    7.888928] pci 0000:00:01.0: Activating ISA DMA hang workarounds
[    7.919966] Trying to unpack rootfs image as initramfs...
[    9.591322] Freeing initrd memory: 10528K (ffff880036b60000 - ffff8800355a8000)
[    9.918895] RAPL PMU detected, API unit is 2^-32 Joules, 3 fixed counters 10737418240 ms ovfl timer
[    9.928178] hw unit of domain pp0-core 2^-0 Joules
[    9.929156] hw unit of domain package 2^-0 Joules
[    9.930119] hw unit of domain pp1-gpu 2^-0 Joules
[    9.931193] platform rtc_cmos: registered platform RTC device (no PNP device found)
[    9.936713] Scanning for low memory corruption every 60 seconds
[    9.938451] futex hash table entries: 512 (order: 3, 32768 bytes)
[    9.944259] audit: initializing netlink subsys (disabled)
[    9.948153] audit: type=2000 audit(1488979815.646:1): initialized
[    9.984002] Initialise system trusted keyring
[    9.988261] HugeTLB registered 2 MB page size, pre-allocated 0 pages
[    9.998438] zbud: loaded
[   10.007864] VFS: Disk quotas dquot_6.6.0
[   10.013146] VFS: Dquot-cache hash table entries: 512 (order 0, 4096 bytes)
[   10.016702] squashfs: version 4.0 (2009/01/31) Phillip Lougher
[   10.020576] fuse init (API version 7.23)
[   10.024136] Key type big_key registered
[   10.027971] Allocating IMA MOK and blacklist keyrings.
[   10.163054] Key type asymmetric registered
[   10.212645] Asymmetric key parser 'x509' registered
[   10.267521] Block layer SCSI generic (bsg) driver version 0.4 loaded (major 249)
[   10.380681] io scheduler noop registered
[   10.404820] io scheduler deadline registered (default)
[   10.413111] io scheduler cfq registered
[   10.424947] pci_hotplug: PCI Hot Plug PCI Core version: 0.5
[   10.436064] pciehp: PCI Express Hot Plug Controller Driver version: 0.4
[  1.4942]ACI:ACAdptr AC (n-in)[  10.789530] input: Power Button as /devices/LNXSYSTM:00/LNXPWRBN:00/input/input0
[  1.870] CP: owr uton[PRF
[  1.1474] tsc: Refined TSC clocksource calibration: 3391.446 MHz
[[   11.274234] clocksource: tsc: mask: 0xffffffffffffffff max_cycles: 0x30e2be0e07c, max_idle_ns: 440795258048 ns
[   11.274379] input: Sleep Button as /devices/LNXSYSTM:00/LNXSLPBN:00/input/input1
[   11.274382] ACPI: Sleep Button [SLPF]
[   11.280182] GHES: HEST is not enabled!
[   11.283700] Serial: 8250/16550 driver, 32 ports, IRQ sharing enabled
[   11.306580] 00:02: ttyS0 at I/O 0x3f8 (irq = 4, base_baud = 115200) is a 16550A
[   11.319867] Linux agpgart interface v0.103
[   11.341105] brd: module loade
[   11.429728] loop: module loaded
[   11.589121] scsi host0: ata_piix
[   11.628923] scsi host1: ata_piix
[   11.672418] ata1: PATA max UDMA/33 cmd 0x1f0 ctl 0x3f6 bmdma 0xd000 irq 14
[   11.728867] ata2: PATA max UDMA/33 cmd 0x170 ctl 0x376 bmdma 0xd008 irq 15
[   11.748847] libphy: iixed MDIO Bus: probed
[   11.888619] tun: Universal TUN/TAP device driver, 1.6
[   11.898743] tun: (C) 1999-2004 Max Krasnyansky <maxk@qualcomm.com>
[   11.968909] PPP generic driver version 2.4.2
[   12.048648] ecci_hcd: USB 2.0 'Enhanced' Host Controller (EHCI) Driver
[   12.298763] ehci-pci: EHCI PCI platform driver
[   12.327781] ehci-platform: EHCI generic platform driver
[   12.558572] ohci_hcd: USB 1.1 'Open' HostCController (OHCI) Driver
[   12.908528] ohci-pci: OHCI PCI platform driver
[   13.098459] ohci-platform: OHCI generic platform drive
[   13.418986] uhci_hcd: USB Universal Host Controller Interface driver
[   13.738568] i8042: PNP: PS/2 Controller [PNP0303:PS2K,PNP0f03:PS2M] at 0x60,0x64 irq 1,12
[   14.139462] serio: i8042 KBD port at 0x60,0x64 irq 1
[   14.318921] serio: i8042 AUX port at 0x60,0x64 irq 12
[  1.48632] mousedev: PS/2 mouse device common for all mice
[  15486] input: AT TranslteSe 2kebordas /devices/platform/i8042/serio0/input/input2
[   14.859562] rtc_cmos rtc_cmos: rtc core: registered rtc_cmos as rtc0
[   14.869731] rtc_cmos rtc_cmos: alarms up to one day, 114 bytes nvram
[   14.872099] i2c /dev entries driver
[   14.875571] device-mapper: uevent: version 1.0.3
[   14.879138] device-mapper: ioctl: 4.34.0-ioctl (2015-10-28) initialised: dm-devel@redhat.com
[   15.059110] ledtrig-cpu: registered to indicate activity on CPUs
[   15.069885] NET: Registered protocol family 10
[   15.098725] NET: Registered protocol family 17
[   15.123501] Key type dns_resolver registered
[   15.128094] microcode: CPU0 sig=0x306a9, pf=0x2, revision=0x19
[   15.132283] microcode: CPU1 sig=0x306a9, pf=0x2, revision=0x19
[   15.187323] microcode: Microcode Update Driver: v2.01 <tigran@aivazian.fsnet.co.uk>, Peter Oruba
[   15.197759] registered taskstats version 1
[   15.208921] Loading compiled-in X.509 certificates
[   15.228549] Loaded X.509 cert 'Build time autogenerated kernel key: a630254739635d6fdc487c9f0afa5d9a0ff04f04'
[   15.279763] zswap: loaded using pool lzo/zbud
[   15.289792] Key type trusted registered
[   15.302924] Key type encrypted registered
[   15.319864] AppArmor: AppArmor sha1 policy hashing enabled
[   15.328107] ima: No TPM chip found, activating TPM-bypass!
[   15.345074] evm: HMAC attrs: 0x1
[   15.348174]   Magic number: 9:437:533
[   15.367515] bdi 1:11: hash matches
[   15.376561] tty ttyS13: hash matches
[   15.378941] rtc_cmos rtc_cmos: setting system clock to 2017-03-08 13:30:20 UTC (1488979820)
[   15.389581] BIOS EDD facility v0.16 2004-Jun-25, 0 devices found
[   15.395929] EDD information not available.
[   15.400267] Freeing unused kernel memory: 1488K (ffffffff81f44000 - ffffffff820b8000)
[   15.414046] Write protecting the kernel read-only data: 14336k
[   15.493323] Freeing unused kernel memory: 1792K (ffff880001840000 - ffff880001a00000)
[   15.629455] Freeing unused kernel memory: 136K (ffff880001dde000 - ffff880001e00000)
Loading, please [   15.752146] random: systemd-udevd: uninitialized urandom read (16 bytes read, 3 bits of entropy available)
wait...
startin[   15.752771] random: udevadm: uninitialized urandom read (16 bytes read, 3 bits of entropy available)
g version 229
[   15.752812] random: udevadm: uninitialized urandom read (16 bytes read, 3 bits of entropy available)
[   15.752928] random: udevadm: uninitialized urandom read (16 bytes read, 3 bits of entropy available)
[   15.752975] random: udevadm: uninitialized urandom read (16 bytes read, 3 bits of entropy available)
[   15.753018] random: udevadm: uninitialized urandom read (16 bytes read, 3 bits of entropy available)
[   15.753060] random: udevadm: uninitialized urandom read (16 bytes read, 3 bits of entropy available)
[   15.753114] random: udevadm: uninitialized urandom read (16 bytes read, 3 bits of entropy available)
[   15.753156] random: udevadm: uninitialized urandom read (16 bytes read, 3 bits of entropy available)
[   15.753198] random: udevadm: uninitialized urandom read (16 bytes read, 3 bits of entropy available)
[   16.072745] Fusion MPT base driver 3.04.20
[   16.111714] Copyright (c) 1999-2008 LSI Corporation
[   16.113531] e1000: Intel(R) PRO/1000 Network Driver - version 7.3.21-k8-NAPI
[   16.159027] e1000: Copyright (c) 1999-2006 Intel Corporation.
[   16.206247] Fusion MPT SPI Host driver 3.04.20
[   16.400441] input: ImExPS/2 Generic Explorer Mouse as /devices/platform/i8042/serio1/input/input4
[   16.640806] e1000 0000:00:03.0 eth0: (PCI:33MHz:32-bit) 02:84:08:4f:fd:23
[   16.668611] e1000 0000:00:03.0 eth0: Intel(R) PRO/1000 Network Connection
[   16.673909] mptbase: ioc0: Initiating bringup
[   16.674326] e1000 0000:00:03.0 enp0s3: renamed from eth0
[   16.778409] ioc0: LSI53C1030 A0: Capabilities={Initiator}
[   17.800427] scsi host2: ioc0: LSI53C1030 A0, FwRev=00000000h, Ports=1, MaxQ=256, IRQ=20
[   18.308367] scsi 2:0:0:0: Direct-Access     VBOX     HARDDISK         1.0  PQ: 0 ANSI: 5
[   18.343999] scsi target2:0:0: Beginning Domain Validation
[   18.346162] scsi target2:0:0: Domain Validation skipping write tests
[   18.348492] scsi target2:0:0: Ending Domain Validation
[   18.349709] scsi target2:0:0: asynchronous
[   18.357573] scsi 2:0:1:0: Direct-Access     VBOX     HARDDISK         1.0  PQ: 0 ANSI: 5
[   18.368742] scsi target2:0:1: Beginning Domain Validation
[   18.846656] scsi target2:0:1: Domain Validation skipping write tests
[   19.203209] floppy0: no floppy controllers found
[   19.203244] work still pending
[   19.295548] scsi target2:0:1: Ending Domain Validation
[   19.371352] scsi target2:0:1: asynchronous
[   19.431400] sd 2:0:0:0: Attached scsi generic sg0 type 0
[   19.509140] sd 2:0:1:0: [sdb] 20480 512-byte logical blocks: (10.5 MB/10.0 MiB)
[   19.509159] sd 2:0:0:0: [sda] 20971520 512-byte logical blocks: (10.7 GB/10.0 GiB)
[   19.563199] sd 2:0:1:0: Attached scsi generic sg1 type 0
[   19.576215] sd 2:0:0:0: [sda] Write Protect is off
[   19.576299] sd 2:0:1:0: [sdb] Write Protect is off
[   19.576388] sd 2:0:1:0: [sdb] Incomplete mode parameter data
[   19.576389] sd 2:0:1:0: [sdb] Assuming drive cache: write through
[   19.593762] sd 2:0:1:0: [sdb] Attached SCSI disk
[   19.889144] sd 2:0:0:0: [sda] Incomplete mode parameter data
[   19.928904] sd 2:0:0:0: [sda] Assuming drive cache: write through
[   19.931461]  sda: sda1
[   20.039338] sd 2:0:0:0: [sda] Attached SCSI disk
Begin: Loading e[   21.544686] md: linear personality registered for level -1
ssential drivers[   21.698231] md: multipath personality registered for level -4
 ... [   21.868762] md: raid0 personality registered for level 0
[   22.049440] md: raid1 personality registered for level 1
[   22.178100] raid6: sse2x1   gen()  9957 MB/s
[   22.423369] raid6: sse2x1   xor()  6781 MB/s
[   22.618038] raid6: sse2x2   gen() 11790 MB/s
[   22.762853] raid6: sse2x2   xor()  8032 MB/s
[   22.838120] raid6: sse2x4   gen() 13915 MB/s
[   22.956235] raid6: sse2x4   xor()  9944 MB/s
[   22.998780] raid6: using algorithm sse2x4 gen() 13915 MB/s
[   23.048847] raid6: .... xor() 9944 MB/s, rmw enabled
[   23.051008] raid6: using ssse3x2 recovery algorithm
[   23.053419] xor: automatically using best checksumming function:
[   23.115008]    avx       : 35883.000 MB/sec
[   23.134301] async_tx: api initialized (async)
[   23.145393] md: raid6 personality registered for level 6
[   23.148266] md: raid5 personality registered for level 5
[   23.150005] md: raid4 personality registered for level 4
[   23.160312] md: raid10 personality registered for level 10
done.
Begin: Running /scripts/init-premount ... done.[   23.204545] Btrfs loaded

Begin: Mounting root file system ... Begin: Running /scripts/local-top ... done.
Begin: Running /scripts/local-premount ... Scanning for Btrfs filesystems
done.
Warning: fsck not present, so skipping root file system
[   23.317097] EXT4-fs (sda1): mounted filesystem with ordered data mode. Opts: (null)
done.
Begin: Running /scripts/local-bottom ... done.
Begin: Running /scripts/init-bottom ... done.
[   24.194188] systemd[1]: systemd 229 running in system mode. (+PAM +AUDIT +SELINUX +IMA +APPARMOR +SMACK +SYSVINI  +UTMP +LIBCRYPTSETUP +GCRYPT +GNUTLS +ACL +XZ -LZ4 +SECCOMP +BLKID +ELFUTILS +KMDD -IDN)
[   24.929317] systemd[1]: Detected virtualization oracle.
[   25.267283] systemd[1]: Detected architecture x86-64.

Welcome to [1mUbuntu 16.04.2 LTS[0m!

[   25.400214] systemd[1]: Set hostname to <ubuntu-xenial>.
[   25.723003] random: nonblocking pool is initialized
[ 259304syem1]Lieng n udev Control Socet.
[[0;32m  OK  [0m] Listening on udev Control Socket.
[ 26980]ysmd]:istening oJornal Socke.
[[0;32m  OK  [0m] Listening on Journal Socket.
[ 27593]ysmd1]: Listening on Journal Audit Socket.
[[0;32m  OK  [0m] Listening on Journal Audit Socket.
[  2.432] std[: acd arget Swap.
[[0;32m  OK  [0m] Reached target Swap.
[ 27384]ysmd]:reed slice System Slice.
[[0;32m  OK  [0m] Created slice System Slice.
[   28.379414] systemd[1]: Starting Set console keymap...
         Starting Set console keymap...
[   28.523309] systemd[1]: Starting Nameserver information manager...
         Starting Nameserver information manager...
[   28.638182] systemd[1]: Mounting Debug File System...
         Mounting Debug File System...
[   28.731306] systemd[1]: Starting Create list of required static device nodes for the current kernel...
         Starting Create list of required st... nodes for the current kernel...
[   28.795331] systemd[1]: Starting Remount Root and Kernel File Systems...
         [   28.861664] EXT4-fs (sda1): re-mounted. Opts: (null)
Starting Remount Root and Kernel File Systems...
[   2.935 ste[1 Ltengon /dev/initctl Compatibility Named Pipe.
[[0;32m  OK  [0m] Listening on /dev/initctl Compatibility Named Pipe.
[   29.511360] systemd[1]: Reached target Encrypted Volumes.
[[0;32m  OK  [0m] Reached target Encrypted Volumes.
[   29.631691] systemd[1]: Created slice system-serial\x2dgetty.slice.
[[0;32m  OK  [0m] Created slice system-serial\x2dgetty.slice.
[ 29980] systemd[1]: Created slice User and Session Slice.
[[0;32m  OK  [0m] Created slice User and Session Slice.
[   30.079307] systemd[1]: Mounting POSIX Message Queue File System...
         Mounting POSIX Message Queue File System...
[   30.139291] systemd[1]: Mounting Huge Pages File System...
         Mounting Huge Pages File System...
[   30.148741] systemd[1]: Reached target Slices.
[[0;32m  OK  [0m] Reached target Slices.
[   30.154673] systemd[1]: Set up automount Arbitrary Executable File Formats File System Automount Point.
[[0;32m  OK  [0m] Set up automount Arbitrary Executab...ats File System Automount Point.
[   30.243344] systemd[1]: Reached target User and Group Name Lookups.
[[0;32m  OK  [0m] Reached target User and Group Name Lookups.
[ 30399]ysmd]:istenin oudv KeneSoket.
[[0;32m  OK  [0m] Listening on udev Kernel Socket.
[ 31159]ysmd]:istening on Syslog Socket.
[[0;32m  OK  [0m] Listening on Syslog Socket.
[   31.403307] systemd[1]: Starting Load Kernel Modules...
         Starting Load Kernel Modules...
[   31.467441] systemd[1]: Listening on LVM2 poll daemon socket.
[[0;32m  OK  [0m] Listening on LVM2 poll daemon socket.
[   31.517219] systemd[1]: Listening on LVM2 metadata daemon socket.
[[0;32m  OK  [0[   31.568651] Loading iSCSI transport class v2.0-870.
m] Listening on LVM2 metadata daemon socket.
[   31.708233] iscsi: registered transport (tcp)
[   31.727283] systemd[1]: Starting Uncomplicated firewall...
         Starting Uncomplicated firewall...
[   31.804646] systemd[1]: Started Forward Password Requests to Wall Directory Watch.
[   31.828455] iscsi: registered transport (iser)
[[0;32m  OK  [0m] Started Forward Password Requests to Wall Directory Watch.
[   31.860866] systemd[1]: Listening on Journal Socket (/dev/log).
[[0;32m  OK  [0m] Listening on Journal Socket (/dev/log).
[   31.887338] systemd[1]: Starting Journal Service...
         Starting Journal Service...
[   31.923377] systemd[1]: Listening on Device-mapper event daemon FIFOs.
[[0;32m  OK  [0m] Listening on Device-mapper event daemon FIFOs.
[   32.075296] systemd[1]: Starting Monitoring of LVM2 mirrors, snapshots etc. using dmeventd or progress polling...
         Starting Monitoring of LVM2 mirrors... dmeventd or progress polling...
[   32.305328] systemd[1] Mnted Debug File System.
[[0;32m  OK  [0m] Mounted Debug File System.
[  3.5828]sytemd[1]: Mounted POSIX Message Queue File System.
[[0;32m  OK  [0m] Mounted POSIX Message Queue File System.
[  3.779444] systemd[1]: Mounted Huge Pages File System.
[[0;32m  OK  [0m] Mounted Huge Pages File System.
[   32.855352] systemd[1]: Started Journal Service.
[[0;32m  OK  [0m] Started Journal Service.
[[0;32m  OK  [0m] Started Set console keymap.
[[0;32m  OK  [0m] Started Create list of required sta...ce nodes for the current kernel.
[[0;32m  OK  [0m] Started Remount Root and Kernel File Systems.
[[0;32m  OK  [0m] Started Load Kernel Modules.
[[0;32m  OK  [0m] Started Uncomplicated firewall.
[[0;32m  OK  [0m] Started Nameserver information manager.
[[0;32m  OK  [0m] Started LVM2 metadata daemon.
         Starting Apply Kernel Variables...
         Mounting FUSE Control File System...
         Starting Initial cloud-init job (pre-networking)...
         Starting Load/Save Random Seed...
         Starting udev Coldplug all Devices...
         Starting Create Static Device Nodes in /dev...
         Starting Flush Journal to Persistent Storage...
[[0;32m  OK  [0m] Mounted FUSE Control File System.
[[0;32m  OK  [0m] Started Apply Kernel Variables.
[[0;32m  OK  [0m] Started Load/Save Random Seed.
[[0;32m  OK  [0m] Started Create Static Device Nodes in /dev.
[[0;32m  OK  [0m] Started Monitoring of LVM2 mirrors,...ng dmeventd or progress polling.
[[0;32m  OK  [0m] Started udev Coldplug all Devices.
         Starting udev Kernel Device Manager...
[[0;32m  OK  [0m] Started Flush Journal to Persistent Storage.
[[0;32m  OK  [0m] Started udev Kernel Device Manager.
[[0;32m  OK  [0m] Reached target Local File Systems (Pre).
[[0;32m  OK  [0m] Reached target Local File Systems.
         Starting LSB: AppArmor initialization...
         Starting Tell Plymouth To Write Out Runtime Data...
         Starting Set console font and keymap...
         Starting Create Volatile Files and Directories...
[[0;32m  OK  [0m] Started Dispatch Password Requests to Console Directory Watch.
[[0;32m  OK  [0m] Started Tell Plymouth To Write Out Runtime Data.
[[0;32m  OK  [0m] Found device /dev/ttyS0.
[[0;32m  OK  [0m] Found device 82540EM Gigabit Ethern...r (PRO/1000 MT Desktop Adapter).
[[0;32m  OK  [0m] Started Create Volatile Files and Directories.
[[0;32m  OK  [0m] Reached target System Time Synchronized.
         Starting Update UTMP about System Boot/Shutdown...
[[0;32m  OK  [0m] Started Update UTMP about System Boot/Shutdown.
[[0;32m  OK  [0m] Started Set console font and keymap.
[[0;32m  OK  [0m] Created slice system-getty.slice.
[[0;32m  OK  [0m] Started LSB: AppArmor initialization.
[[0;32m  OK  [0m] Listening on Load/Save RF Kill Switch Status /dev/rfkill Watch.
[   31.479459] cloud-init[460]: Cloud-init v. 0.7.8 running 'init-local' at Wed, 08 Mar 2017 13:30:40 +0000. Up 30.98 seconds.
[[0;32m  OK  [0m] Started Initial cloud-init job (pre-networking).
[[0;32m  OK  [0m] Reached target Network (Pre).
         Starting Raise network interfaces...
[[0;32m  OK  [0m] Started ifup for enp0s3.
[[0;32m  OK  [0m] Started Raise network interfaces.
[[0;32m  OK  [0m] Reached target Network.
         Starting Initial cloud-init job (metadata service crawler)...
[   33.297407] cloud-init[1055]: Cloud-init v. 0.7.8 running 'init' at Wed, 08 Mar 2017 13:30:42 +0000. Up 32.94 seconds.
[   33.379548] [cloud-init[0;32m  OK  [0m[1055]: ] ci-info: +++++++++++++++++++++++++++++++++++++Net device info+++++++++++++++++++++++++++++++++++++Started Initial cloud-init job (metadata service crawler).

[   33.379943] cloud-init[1055]: ci-info: +--------+------+---------------------------+---------------+-------+-------------------+
[   33.389859] [cloud-init[0;32m  OK  [0m[1055]: ] ci-info: | Device |  Up  |          Address          |      Mask     | Scope |     Hw-Address    |Reached target Network is Online.

[   33.390329] cloud-init[1055]: ci-info: +--------+------+---------------------------+---------------+-------+-------------------+
[   33.540025] cloud-init[1055]: ci-info: | enp0s3 | True |         10.0.2.15         | 255.255.255.0 |   .   | 02:84:08:4f:fd:23 |
         Starting iSCSI initiator daemon (iscsid)...
[[0;32m  OK  [0m] Reached target Cloud-config availability.
[[0;32m  OK  [0m] Reached target System Initialization.
[[0;32m  OK  [0m] Listening on UUID daemon activation socket.
[   33.558672] cloud-init[1055]: ci-info: | enp0s3 | True | fe80::84:8ff:fe4f:fd23/64 |       .       |  link | 02:84:08:4f:fd:23 |
[   33.640982] cloud-init[1055]: ci-info: |   lo   | True |         127.0.0.1         |   255.0.0.0   |   .   |         .         |
[   33.680334] cloud-init[1055]: ci-info: |   lo   | True |          ::1/128          |       .       |  host |         .         |
[[0;32m  OK  [0m] Started Timer to automatically refresh installed snaps.
[   33.708246] cloud-init[1055]: ci-info: +--------+------+---------------------------+---------------+-------+-------------------+
         Starting LXD - unix socket.
[[0;32m  OK  [0m] Started Daily Cleanup of Temporary Directories.
         [   33.714900] Starting Socket activation for snappy daemon.cloud-init
[1055]: ci-info: +++++++++++++++++++++++++++Route IPv4 info++++++++++++++++++++++++++++
[   33.791487] [cloud-init[0;32m  OK  [0m[1055]: ] ci-info: +-------+-------------+----------+---------------+-----------+-------+Listening on D-Bus System Message Bus Socket.

[   33.842267] [cloud-init[0;32m  OK  [0m[1055]: ] ci-info: | Route | Destination | Gateway  |    Genmask    | Interface | Flags |Started Trigger resolvconf update for networkd DNS.

[   33.848725] [cloud-init[0;32m  OK  [0m[1055]: ] ci-info: +-------+-------------+----------+---------------+-----------+-------+Started Daily apt activities.

[   33.849126] [cloud-init[0;32m  OK  [0m[1055]: ] ci-info: |   0   |   0.0.0.0   | 10.0.2.2 |    0.0.0.0    |   enp0s3  |   UG  |Reached target Timers.

[   33.931509] cloud-init[1055]: ci-info: |   1   |   10.0.2.0  | 0.0.0.0  | 255.255.255.0 |   enp0s3  |   U   |
[[0;32m  OK  [0m] Started ACPI Events Check.
[[0;32m  OK  [0m] Reached target Paths.
[[0;32m  OK  [0m] Listening on ACPID Listen Socket.
[   33.932190] cloud-init[1055]: ci-info: +-------+-------------+----------+---------------+-----------+-------+
[[0;32m  OK  [0m] Listening on LXD - unix socket.
[[0;32m  OK  [0m] Listening on Socket activation for snappy daemon.
[[0;32m  OK  [0m] Started iSCSI initiator daemon (iscsid).
         Starting Login to default iSCSI targets...
[[0;32m  OK  [0m] Reached target Sockets.
[[0;32m  OK  [0m] Reached target Basic System.
[[0;32m  OK  [0m] Started ACPI event daemon.
[[0;32m  OK  [0m] Started Snappy daemon.
         Starting /etc/rc.local Compatibility...
         Starting The PHP 7.0 FastCGI Process Manager...
         Starting Accounts Service...
[[0;32m  OK  [0m] Started Regular background program processing daemon.
         Starting System Logging Service...
[[0;32m  OK  [0m] Started D-Bus System Message Bus.
[[0;32m  OK  [0m] Started Deferred execution scheduler.
         Starting Login Service...
         Starting LSB: Record successful boot for GRUB...
         Starting LSB: MD monitoring daemon...
         Starting Apply the settings specified in cloud-config...
[[0;32m  OK  [0m] Started FUSE filesystem for LXC.
         Starting Auto import assertions from block devices...
         Starting OpenBSD Secure Shell server...
         Starting LXD - container startup/shutdown...
[[0;32m  OK  [0m] Started System Logging Service.
[[0;32m  OK  [0m] Started /etc/rc.local Compatibility.
[[0;32m  OK  [0m] Started Auto import assertions from block devices.
[   35.459020] cloud-init[1157]: Cloud-init v. 0.7.8 running 'modules:config' at Wed, 08 Mar 2017 13:30:44 +0000. Up 35.27 seconds.
[[0;32m  OK  [0m] Started Apply the settings specified in cloud-config.
[[0;32m  OK  [0m] Started OpenBSD Secure Shell server.
[[0;32m  OK  [0m] Started Login Service.
         Starting Authenticate and Authorize Users to Run Privileged Tasks...
[[0;32m  OK  [0m] Started Login to default iSCSI targets.
[[0;32m  OK  [0m] Started LSB: Record successful boot for GRUB.
[[0;32m  OK  [0m] Started LSB: MD monitoring daemon.
[[0;32m  OK  [0m] Started The PHP 7.0 FastCGI Process Manager.
[[0;32m  OK  [0m] Started Authenticate and Authorize Users to Run Privileged Tasks.
[[0;32m  OK  [0m] Started Accounts Service.
[[0;32m  OK  [0m] Reached target Remote File Systems (Pre).
[[0;32m  OK  [0m] Reached target Remote File Systems.
         Starting Permit User Sessions...
         Starting LSB: automatic crash report generation...
         Starting LSB: Set the CPU Frequency Scaling governor to "ondemand"...
         Starting LSB: Apache2 web server...
         Starting LSB: daemon to balance interrupts for SMP systems...
         Starting LSB: VirtualBox Linux Additions...
[[0;32m  OK  [0m] Started LXD - container startup/shutdown.
[[0;32m  OK  [0m] Started Permit User Sessions.
[[0;32m  OK  [0m] Started LSB: Set the CPU Frequency Scaling governor to "ondemand".
[[0;32m  OK  [0m] Started LSB: automatic crash report generation.
         Starting Hold until boot process finishes up...
         Starting Terminate Plymouth Boot Screen...
[[0;32m  OK  [0m] Started LSB: daemon to balance interrupts for SMP systems.
[[0;32m  OK  [0m] Started Hold until boot process finishes up.
[[0;32m  OK  [0m] Started LSB: VirtualBox Linux Additions.
[[0;32m  OK  [0m] Started Terminate Plymouth Boot Screen.
[[0;32m  OK  [0m] Started Getty on tty1.
[[0;32m  OK  [0m] Started Serial Getty on ttyS0.
[[0;32m  OK  [0m] Reached target Login Prompts.
         Starting Set console scheme...
[[0;32m  OK  [0m] Started Set console scheme.
[[0;32m  OK  [0m] Started LSB: Apache2 web server.
[[0;32m  OK  [0m] Reached target Multi-User System.
         Starting Execute cloud user/final scripts...
[[0;32m  OK  [0m] Reached target Graphical Interface.
         Starting Update UTMP about System Runlevel Changes...
[[0;32m  OK  [0m] Started Update UTMP about System Runlevel Changes.
[   38.284847] cloud-init[1382]: Cloud-init v. 0.7.8 running 'modules:final' at Wed, 08 Mar 2017 13:30:47 +0000. Up 38.10 seconds.
[   38.344438] cloud-init[1382]: Cloud-init v. 0.7.8 finished at Wed, 08 Mar 2017 13:30:47 +0000. Datasource DataSourceNoCloud [seed=/dev/sdb][dsmode=net].  Up 38.27 seconds
[[0;32m  OK  [0m] Started Execute cloud user/final scripts.
[[0;32m  OK  [0m] Created slice User Slice of ubuntu.
[[0;32m  OK  [0m] Reached target Cloud-init target.

Ubuntu 16.04.2 LTS ubuntu-xenial ttyS0

ubuntu-xenial login: 